This is pdfTeX, Version 3.14159265-2.6-1.40.16 (TeX Live 2015/Debian) (preloaded format=pdflatex 2016.5.21)  24 MAY 2016 15:17
entering extended mode
 restricted \write18 enabled.
 %&-line parsing enabled.
**/home/mirza/github/DatanetLatex/Assignment2Mirza/acmcopyright.sty
(/home/mirza/github/DatanetLatex/Assignment2Mirza/acmcopyright.sty
LaTeX2e <2016/02/01>
Babel <3.9q> and hyphenation patterns for 81 language(s) loaded.

LaTeX Warning: You have requested package `',
               but the package provides `acmcopyright'.

Package: acmcopyright 2014/06/29 v1.2 Copyright statemens for ACM classes

! LaTeX Error: Missing \begin{document}.

See the LaTeX manual or LaTeX Companion for explanation.
Type  H <return>  for immediate help.
 ...                                              
                                                  
l.41 \newif\if@
               printcopyright 
Here is how much of TeX's memory you used:
 11 strings out of 493029
 450 string characters out of 6136234
 53430 words of memory out of 5000000
 3644 multiletter control sequences out of 15000+600000
 3640 words of font info for 14 fonts, out of 8000000 for 9000
 1141 hyphenation exceptions out of 8191
 7i,0n,5p,139b,14s stack positions out of 5000i,500n,10000p,200000b,80000s

!  ==> Fatal error occurred, no output PDF file produced!
